<?xml version="1.0" encoding="UTF-8"?>
<!-- Generated by org.testng.reporters.JUnitXMLReporter -->
<testsuite ignored="0" hostname="DESKTOP-HG3EIUT" failures="1" tests="1" name="Surefire test" time="12.664" errors="0" timestamp="2026-01-28T16:32:27 PST">
  <testcase classname="tests.CheckoutTest" name="addToCartAndCheckoutSuccess" time="11.395">
    <failure type="java.lang.AssertionError" message="Still on Step One. Error: ">
      <![CDATA[java.lang.AssertionError: Still on Step One. Error: 
at tests.CheckoutTest.addToCartAndCheckoutSuccess(CheckoutTest.java:39)
at java.base/java.util.ArrayList.forEach(ArrayList.java:1596)
... Removed 31 stack frames]]>
    </failure>
  </testcase> <!-- addToCartAndCheckoutSuccess -->
</testsuite> <!-- Surefire test -->
